2025-03-20T14:39:59.338-03:00  INFO 11152 --- [odonto] [restartedMain] .f.P.ProjetoJavaOdontoSprint3Application : Starting ProjetoJavaOdontoSprint3Application using Java 17.0.14 with PID 11152 (C:\Users\labsfiap\Desktop\projetoJavaOdontoSprint\Sprint3\ProjetoJavaOdontoSprint3\target\classes started by labsfiap in C:\Users\labsfiap\Desktop\projetoJavaOdontoSprint\Sprint3\ProjetoJavaOdontoSprint3)
2025-03-20T14:39:59.338-03:00  INFO 11152 --- [odonto] [restartedMain] .f.P.ProjetoJavaOdontoSprint3Application : No active profile set, falling back to 1 default profile: "default"
2025-03-20T14:39:59.458-03:00  INFO 11152 --- [odonto] [restartedMain] .s.d.r.c.RepositoryConfigurationDelegate : Bootstrapping Spring Data JPA repositories in DEFAULT mode.
2025-03-20T14:39:59.458-03:00  INFO 11152 --- [odonto] [restartedMain] .s.d.r.c.RepositoryConfigurationDelegate : Finished Spring Data repository scanning in 0 ms. Found 0 JPA repository interfaces.
2025-03-20T14:39:59.525-03:00  INFO 11152 --- [odonto] [restartedMain] o.s.b.w.embedded.tomcat.TomcatWebServer  : Tomcat initialized with port 8080 (http)
2025-03-20T14:39:59.525-03:00  INFO 11152 --- [odonto] [restartedMain] o.apache.catalina.core.StandardService   : Starting service [Tomcat]
2025-03-20T14:39:59.525-03:00  INFO 11152 --- [odonto] [restartedMain] o.apache.catalina.core.StandardEngine    : Starting Servlet engine: [Apache Tomcat/10.1.36]
2025-03-20T14:39:59.540-03:00  INFO 11152 --- [odonto] [restartedMain] o.a.c.c.C.[Tomcat].[localhost].[/]       : Initializing Spring embedded WebApplicationContext
2025-03-20T14:39:59.540-03:00  INFO 11152 --- [odonto] [restartedMain] w.s.c.ServletWebServerApplicationContext : Root WebApplicationContext: initialization completed in 202 ms
2025-03-20T14:39:59.572-03:00  INFO 11152 --- [odonto] [restartedMain] o.hibernate.jpa.internal.util.LogHelper  : HHH000204: Processing PersistenceUnitInfo [name: default]
2025-03-20T14:39:59.572-03:00  INFO 11152 --- [odonto] [restartedMain] o.h.c.internal.RegionFactoryInitiator    : HHH000026: Second-level cache disabled
2025-03-20T14:39:59.582-03:00  INFO 11152 --- [odonto] [restartedMain] o.s.o.j.p.SpringPersistenceUnitInfo      : No LoadTimeWeaver setup: ignoring JPA class transformer
2025-03-20T14:39:59.582-03:00  INFO 11152 --- [odonto] [restartedMain] com.zaxxer.hikari.HikariDataSource       : HikariPool-2 - Starting...
2025-03-20T14:39:59.582-03:00  WARN 11152 --- [odonto] [restartedMain] c.zaxxer.hikari.util.DriverDataSource    : Registered driver with driverClassName=oracle.jdbc.driver.OracleDriver was not found, trying direct instantiation.
2025-03-20T14:39:59.695-03:00  INFO 11152 --- [odonto] [restartedMain] com.zaxxer.hikari.pool.HikariPool        : HikariPool-2 - Added connection oracle.jdbc.driver.T4CConnection@2447e43
2025-03-20T14:39:59.695-03:00  INFO 11152 --- [odonto] [restartedMain] com.zaxxer.hikari.HikariDataSource       : HikariPool-2 - Start completed.
2025-03-20T14:39:59.721-03:00  INFO 11152 --- [odonto] [restartedMain] org.hibernate.orm.connections.pooling    : HHH10001005: Database info:
	Database JDBC URL [Connecting through datasource 'HikariDataSource (HikariPool-2)']
	Database driver: undefined/unknown
	Database version: 19.3
	Autocommit mode: undefined/unknown
	Isolation level: undefined/unknown
	Minimum pool size: undefined/unknown
	Maximum pool size: undefined/unknown
2025-03-20T14:39:59.737-03:00  INFO 11152 --- [odonto] [restartedMain] o.h.e.t.j.p.i.JtaPlatformInitiator       : HHH000489: No JTA platform available (set 'hibernate.transaction.jta.platform' to enable JTA platform integration)
2025-03-20T14:39:59.737-03:00  INFO 11152 --- [odonto] [restartedMain] j.LocalContainerEntityManagerFactoryBean : Initialized JPA EntityManagerFactory for persistence unit 'default'
2025-03-20T14:39:59.752-03:00  WARN 11152 --- [odonto] [restartedMain] JpaBaseConfiguration$JpaWebConfiguration : spring.jpa.open-in-view is enabled by default. Therefore, database queries may be performed during view rendering. Explicitly configure spring.jpa.open-in-view to disable this warning
2025-03-20T14:39:59.768-03:00  INFO 11152 --- [odonto] [restartedMain] o.s.b.a.w.s.WelcomePageHandlerMapping    : Adding welcome page template: index
2025-03-20T14:39:59.835-03:00  INFO 11152 --- [odonto] [restartedMain] o.s.b.a.h2.H2ConsoleAutoConfiguration    : H2 console available at '/h2-console'. Database available at 'jdbc:oracle:thin:@oracle.fiap.com.br:1521:ORCL'
2025-03-20T14:39:59.835-03:00  INFO 11152 --- [odonto] [restartedMain] o.s.b.d.a.OptionalLiveReloadServer       : LiveReload server is running on port 35729
2025-03-20T14:39:59.855-03:00  INFO 11152 --- [odonto] [restartedMain] o.s.b.w.embedded.tomcat.TomcatWebServer  : Tomcat started on port 8080 (http) with context path '/'
2025-03-20T14:39:59.857-03:00  INFO 11152 --- [odonto] [restartedMain] .f.P.ProjetoJavaOdontoSprint3Application : Started ProjetoJavaOdontoSprint3Application in 0.545 seconds (process running for 125.598)
2025-03-20T14:39:59.859-03:00  INFO 11152 --- [odonto] [restartedMain] .ConditionEvaluationDeltaLoggingListener : Condition evaluation unchanged
2025-03-20T14:40:04.643-03:00  INFO 11152 --- [odonto] [SpringApplicationShutdownHook] o.s.b.w.e.tomcat.GracefulShutdown        : Commencing graceful shutdown. Waiting for active requests to complete
2025-03-20T14:40:05.030-03:00  INFO 11152 --- [odonto] [tomcat-shutdown] o.s.b.w.e.tomcat.GracefulShutdown        : Graceful shutdown complete
2025-03-20T14:40:05.032-03:00  INFO 11152 --- [odonto] [SpringApplicationShutdownHook] j.LocalContainerEntityManagerFactoryBean : Closing JPA EntityManagerFactory for persistence unit 'default'
2025-03-20T14:40:05.032-03:00  INFO 11152 --- [odonto] [SpringApplicationShutdownHook] com.zaxxer.hikari.HikariDataSource       : HikariPool-2 - Shutdown initiated...
2025-03-20T14:40:05.082-03:00  INFO 11152 --- [odonto] [SpringApplicationShutdownHook] com.zaxxer.hikari.HikariDataSource       : HikariPool-2 - Shutdown completed.
